2022-12-06 20:04:19,472 INFO com.epam.esm.dao.impl.UserDaoImplTest [Test worker] Starting UserDaoImplTest using Java 11 on G1 with PID 8488 (started by Александр in C:\Users\Александр\IdeaProjects\OnlineStore\Core)
2022-12-06 20:04:19,597 DEBUG com.epam.esm.dao.impl.UserDaoImplTest [Test worker] Running with Spring Boot v2.6.7, Spring v5.3.19
2022-12-06 20:04:19,600 INFO com.epam.esm.dao.impl.UserDaoImplTest [Test worker] The following 1 profile is active: "development"
2022-12-06 20:04:40,355 INFO com.epam.esm.dao.impl.UserDaoImplTest [Test worker] Started UserDaoImplTest in 22.657 seconds (JVM running for 31.124)
2022-12-06 20:05:53,824 INFO com.epam.esm.dao.impl.UserDaoImplTest [Test worker] Starting UserDaoImplTest using Java 11 on G1 with PID 8324 (started by Александр in C:\Users\Александр\IdeaProjects\OnlineStore\Core)
2022-12-06 20:05:53,858 DEBUG com.epam.esm.dao.impl.UserDaoImplTest [Test worker] Running with Spring Boot v2.6.7, Spring v5.3.19
2022-12-06 20:05:53,862 INFO com.epam.esm.dao.impl.UserDaoImplTest [Test worker] The following 1 profile is active: "development"
2022-12-06 20:06:18,740 INFO com.epam.esm.dao.impl.UserDaoImplTest [Test worker] Started UserDaoImplTest in 26.839 seconds (JVM running for 33.057)
2022-12-06 20:42:45,386 INFO com.epam.esm.dao.impl.UserDaoImplTest [Test worker] Starting UserDaoImplTest using Java 11 on G1 with PID 8376 (started by Александр in C:\Users\Александр\IdeaProjects\OnlineStore\Core)
2022-12-06 20:42:45,419 DEBUG com.epam.esm.dao.impl.UserDaoImplTest [Test worker] Running with Spring Boot v2.6.7, Spring v5.3.19
2022-12-06 20:42:45,426 INFO com.epam.esm.dao.impl.UserDaoImplTest [Test worker] The following 1 profile is active: "development"
2022-12-06 20:43:19,359 INFO com.epam.esm.dao.impl.UserDaoImplTest [Test worker] Started UserDaoImplTest in 35.243 seconds (JVM running for 42.8)
2022-12-06 20:43:22,454 ERROR org.hibernate.engine.jdbc.spi.SqlExceptionHelper [Test worker] Столбец "USER0_.ID_STATUS" не найден
Column "USER0_.ID_STATUS" not found; SQL statement:
select user0_.id_users as id_users1_7_, user0_.create_date as create_d2_7_, user0_.email as email3_7_, user0_.first_name as first_na4_7_, user0_.last_name as last_nam5_7_, user0_.update_date as update_d6_7_, user0_.password as password7_7_, user0_.id_status as id_statu8_7_ from users user0_ where user0_.id_users=1 [42122-210]
2022-12-06 20:46:02,276 INFO com.epam.esm.dao.impl.UserDaoImplTest [Test worker] Starting UserDaoImplTest using Java 11 on G1 with PID 8912 (started by Александр in C:\Users\Александр\IdeaProjects\OnlineStore\Core)
2022-12-06 20:46:02,332 DEBUG com.epam.esm.dao.impl.UserDaoImplTest [Test worker] Running with Spring Boot v2.6.7, Spring v5.3.19
2022-12-06 20:46:02,334 INFO com.epam.esm.dao.impl.UserDaoImplTest [Test worker] The following 1 profile is active: "development"
2022-12-06 20:46:36,187 INFO com.epam.esm.dao.impl.UserDaoImplTest [Test worker] Started UserDaoImplTest in 36.406 seconds (JVM running for 51.134)
2022-12-06 20:46:37,921 ERROR org.hibernate.engine.jdbc.spi.SqlExceptionHelper [Test worker] Столбец "USER0_.ID_STATUS" не найден
Column "USER0_.ID_STATUS" not found; SQL statement:
select user0_.id_users as id_users1_7_, user0_.create_date as create_d2_7_, user0_.email as email3_7_, user0_.first_name as first_na4_7_, user0_.last_name as last_nam5_7_, user0_.password as password6_7_, user0_.id_status as id_statu8_7_, user0_.update_date as update_d7_7_ from users user0_ where user0_.id_users=1 [42122-210]
2022-12-06 20:47:54,117 INFO com.epam.esm.dao.impl.UserDaoImplTest [Test worker] Starting UserDaoImplTest using Java 11 on G1 with PID 8436 (started by Александр in C:\Users\Александр\IdeaProjects\OnlineStore\Core)
2022-12-06 20:47:54,127 DEBUG com.epam.esm.dao.impl.UserDaoImplTest [Test worker] Running with Spring Boot v2.6.7, Spring v5.3.19
2022-12-06 20:47:54,130 INFO com.epam.esm.dao.impl.UserDaoImplTest [Test worker] The following 1 profile is active: "development"
2022-12-06 20:48:16,425 INFO com.epam.esm.dao.impl.UserDaoImplTest [Test worker] Started UserDaoImplTest in 24.371 seconds (JVM running for 41.041)
2022-12-06 20:48:18,103 ERROR org.hibernate.engine.jdbc.spi.SqlExceptionHelper [Test worker] Столбец "ID_STATUS" не найден
Column "ID_STATUS" not found; SQL statement:
insert into users (id_users, create_date, email, first_name, last_name, password, id_status, update_date) values (default, ?, ?, ?, ?, ?, ?, ?) [42122-210]
2022-12-06 20:50:32,330 INFO com.epam.esm.dao.impl.UserDaoImplTest [Test worker] Starting UserDaoImplTest using Java 11 on G1 with PID 7764 (started by Александр in C:\Users\Александр\IdeaProjects\OnlineStore\Core)
2022-12-06 20:50:32,344 DEBUG com.epam.esm.dao.impl.UserDaoImplTest [Test worker] Running with Spring Boot v2.6.7, Spring v5.3.19
2022-12-06 20:50:32,345 INFO com.epam.esm.dao.impl.UserDaoImplTest [Test worker] The following 1 profile is active: "development"
2022-12-06 20:50:50,879 INFO com.epam.esm.dao.impl.UserDaoImplTest [Test worker] Started UserDaoImplTest in 19.964 seconds (JVM running for 26.394)
2022-12-06 20:50:52,218 ERROR org.hibernate.engine.jdbc.spi.SqlExceptionHelper [Test worker] Столбец "USER0_.ID_STATUS" не найден
Column "USER0_.ID_STATUS" not found; SQL statement:
select user0_.id_users as id_users1_7_, user0_.create_date as create_d2_7_, user0_.email as email3_7_, user0_.first_name as first_na4_7_, user0_.last_name as last_nam5_7_, user0_.password as password6_7_, user0_.id_status as id_statu8_7_, user0_.update_date as update_d7_7_ from users user0_ where user0_.id_users=1 [42122-210]
2022-12-06 20:53:44,975 INFO com.epam.esm.dao.impl.UserDaoImplTest [Test worker] Starting UserDaoImplTest using Java 11 on G1 with PID 8480 (started by Александр in C:\Users\Александр\IdeaProjects\OnlineStore\Core)
2022-12-06 20:53:44,994 DEBUG com.epam.esm.dao.impl.UserDaoImplTest [Test worker] Running with Spring Boot v2.6.7, Spring v5.3.19
2022-12-06 20:53:44,996 INFO com.epam.esm.dao.impl.UserDaoImplTest [Test worker] The following 1 profile is active: "development"
2022-12-06 20:54:03,081 INFO com.epam.esm.dao.impl.UserDaoImplTest [Test worker] Started UserDaoImplTest in 19.528 seconds (JVM running for 27.351)
2022-12-06 20:54:04,244 ERROR org.hibernate.engine.jdbc.spi.SqlExceptionHelper [Test worker] Столбец "USER0_.CREATEDATE" не найден
Column "USER0_.CREATEDATE" not found; SQL statement:
select user0_.id_users as id_users1_7_, user0_.createDate as createda2_7_, user0_.email as email3_7_, user0_.first_name as first_na4_7_, user0_.last_name as last_nam5_7_, user0_.password as password6_7_, user0_.id_status as id_statu8_7_, user0_.updateDate as updateda7_7_ from users user0_ where user0_.id_users=1 [42122-210]
2022-12-06 20:55:10,360 INFO com.epam.esm.dao.impl.UserDaoImplTest [Test worker] Starting UserDaoImplTest using Java 11 on G1 with PID 9124 (started by Александр in C:\Users\Александр\IdeaProjects\OnlineStore\Core)
2022-12-06 20:55:10,368 DEBUG com.epam.esm.dao.impl.UserDaoImplTest [Test worker] Running with Spring Boot v2.6.7, Spring v5.3.19
2022-12-06 20:55:10,370 INFO com.epam.esm.dao.impl.UserDaoImplTest [Test worker] The following 1 profile is active: "development"
2022-12-06 20:55:27,698 INFO com.epam.esm.dao.impl.UserDaoImplTest [Test worker] Started UserDaoImplTest in 18.845 seconds (JVM running for 26.092)
2022-12-06 20:55:28,935 ERROR org.hibernate.engine.jdbc.spi.SqlExceptionHelper [Test worker] Столбец "USER0_.ID_STATUS" не найден
Column "USER0_.ID_STATUS" not found; SQL statement:
select user0_.id_users as id_users1_7_, user0_.create_date as create_d2_7_, user0_.email as email3_7_, user0_.first_name as first_na4_7_, user0_.last_name as last_nam5_7_, user0_.password as password6_7_, user0_.id_status as id_statu8_7_, user0_.updateDate as updateda7_7_ from users user0_ where user0_.id_users=1 [42122-210]
2022-12-06 20:56:52,141 INFO com.epam.esm.dao.impl.UserDaoImplTest [Test worker] Starting UserDaoImplTest using Java 11 on G1 with PID 8768 (started by Александр in C:\Users\Александр\IdeaProjects\OnlineStore\Core)
2022-12-06 20:56:52,155 DEBUG com.epam.esm.dao.impl.UserDaoImplTest [Test worker] Running with Spring Boot v2.6.7, Spring v5.3.19
2022-12-06 20:56:52,157 INFO com.epam.esm.dao.impl.UserDaoImplTest [Test worker] The following 1 profile is active: "development"
2022-12-06 20:57:11,367 INFO com.epam.esm.dao.impl.UserDaoImplTest [Test worker] Started UserDaoImplTest in 20.662 seconds (JVM running for 27.98)
2022-12-06 20:57:12,823 ERROR org.hibernate.engine.jdbc.spi.SqlExceptionHelper [Test worker] Столбец "USER0_.ID_STATUS" не найден
Column "USER0_.ID_STATUS" not found; SQL statement:
select user0_.id_users as id_users1_7_, user0_.create_date as create_d2_7_, user0_.email as email3_7_, user0_.first_name as first_na4_7_, user0_.last_name as last_nam5_7_, user0_.password as password6_7_, user0_.id_status as id_statu8_7_, user0_.update_date as update_d7_7_ from users user0_ where user0_.id_users=1 [42122-210]
2022-12-06 20:59:15,822 INFO com.epam.esm.dao.impl.UserDaoImplTest [Test worker] Starting UserDaoImplTest using Java 11 on G1 with PID 8280 (started by Александр in C:\Users\Александр\IdeaProjects\OnlineStore\Core)
2022-12-06 20:59:15,907 DEBUG com.epam.esm.dao.impl.UserDaoImplTest [Test worker] Running with Spring Boot v2.6.7, Spring v5.3.19
2022-12-06 20:59:15,909 INFO com.epam.esm.dao.impl.UserDaoImplTest [Test worker] The following 1 profile is active: "development"
2022-12-06 20:59:23,611 ERROR org.springframework.boot.SpringApplication [Test worker] Application run failed
org.springframework.beans.factory.UnsatisfiedDependencyException: Error creating bean with name 'giftCertificateDaoImpl' defined in file [C:\Users\Александр\IdeaProjects\OnlineStore\Core\build\classes\java\main\com\epam\esm\dao\impl\GiftCertificateDaoImpl.class]: Unsatisfied dependency expressed through constructor parameter 0; nested exception is org.springframework.beans.factory.BeanCreationException: Error creating bean with name 'dataSourceScriptDatabaseInitializer' defined in class path resource [org/springframework/boot/autoconfigure/sql/init/DataSourceInitializationConfiguration.class]: Invocation of init method failed; nested exception is org.springframework.jdbc.datasource.init.ScriptStatementFailedException: Failed to execute SQL script statement #3 of class path resource [data.sql]: INSERT INTO users(first_name, last_name, email, password, id_status, create_date, update_date) VALUES ('Carey', 'Mahoney', 'carey_mahoney@gmail.com', '123', 1, '2022-05-10 12:33:33', '2022-05-10 12:33:33'), ('Eric', 'Lassard', 'eric_lassard@gmail.com', '123', 1, '2022-05-10 12:33:33', '2022-05-10 12:33:33'), ('Eugene', 'Tackleberry', 'eugene_tackleberry@gmail.com', '123', 1, '2022-05-10 12:33:33', '2022-05-10 12:33:33'), ('Moses', 'Hightower', 'moses_hightower@gmail.com', '123', 1, '2022-05-10 12:33:33', '2022-05-10 12:33:33'); nested exception is org.h2.jdbc.JdbcSQLSyntaxErrorException: Столбец "ID_STATUS" не найден
Column "ID_STATUS" not found; SQL statement:
INSERT INTO users(first_name, last_name, email, password, id_status, create_date, update_date) VALUES ('Carey', 'Mahoney', 'carey_mahoney@gmail.com', '123', 1, '2022-05-10 12:33:33', '2022-05-10 12:33:33'), ('Eric', 'Lassard', 'eric_lassard@gmail.com', '123', 1, '2022-05-10 12:33:33', '2022-05-10 12:33:33'), ('Eugene', 'Tackleberry', 'eugene_tackleberry@gmail.com', '123', 1, '2022-05-10 12:33:33', '2022-05-10 12:33:33'), ('Moses', 'Hightower', 'moses_hightower@gmail.com', '123', 1, '2022-05-10 12:33:33', '2022-05-10 12:33:33') [42122-210]
	at org.springframework.beans.factory.support.ConstructorResolver.createArgumentArray(ConstructorResolver.java:800)
	at org.springframework.beans.factory.support.ConstructorResolver.autowireConstructor(ConstructorResolver.java:229)
	at org.springframework.beans.factory.support.AbstractAutowireCapableBeanFactory.autowireConstructor(AbstractAutowireCapableBeanFactory.java:1372)
	at org.springframework.beans.factory.support.AbstractAutowireCapableBeanFactory.createBeanInstance(AbstractAutowireCapableBeanFactory.java:1222)
	at org.springframework.beans.factory.support.AbstractAutowireCapableBeanFactory.doCreateBean(AbstractAutowireCapableBeanFactory.java:582)
	at org.springframework.beans.factory.support.AbstractAutowireCapableBeanFactory.createBean(AbstractAutowireCapableBeanFactory.java:542)
	at org.springframework.beans.factory.support.AbstractBeanFactory.lambda$doGetBean$0(AbstractBeanFactory.java:335)
	at org.springframework.beans.factory.support.DefaultSingletonBeanRegistry.getSingleton(DefaultSingletonBeanRegistry.java:234)
	at org.springframework.beans.factory.support.AbstractBeanFactory.doGetBean(AbstractBeanFactory.java:333)
	at org.springframework.beans.factory.support.AbstractBeanFactory.getBean(AbstractBeanFactory.java:208)
	at org.springframework.beans.factory.support.DefaultListableBeanFactory.preInstantiateSingletons(DefaultListableBeanFactory.java:953)
	at org.springframework.context.support.AbstractApplicationContext.finishBeanFactoryInitialization(AbstractApplicationContext.java:918)
	at org.springframework.context.support.AbstractApplicationContext.refresh(AbstractApplicationContext.java:583)
	at org.springframework.boot.SpringApplication.refresh(SpringApplication.java:740)
	at org.springframework.boot.SpringApplication.refreshContext(SpringApplication.java:415)
	at org.springframework.boot.SpringApplication.run(SpringApplication.java:303)
	at org.springframework.boot.test.context.SpringBootContextLoader.loadContext(SpringBootContextLoader.java:144)
	at org.springframework.test.context.cache.DefaultCacheAwareContextLoaderDelegate.loadContextInternal(DefaultCacheAwareContextLoaderDelegate.java:99)
	at org.springframework.test.context.cache.DefaultCacheAwareContextLoaderDelegate.loadContext(DefaultCacheAwareContextLoaderDelegate.java:124)
	at org.springframework.test.context.support.DefaultTestContext.getApplicationContext(DefaultTestContext.java:124)
	at org.springframework.test.context.web.ServletTestExecutionListener.setUpRequestContextIfNecessary(ServletTestExecutionListener.java:190)
	at org.springframework.test.context.web.ServletTestExecutionListener.prepareTestInstance(ServletTestExecutionListener.java:132)
	at org.springframework.test.context.TestContextManager.prepareTestInstance(TestContextManager.java:248)
	at org.springframework.test.context.junit.jupiter.SpringExtension.postProcessTestInstance(SpringExtension.java:138)
	at org.junit.jupiter.engine.descriptor.ClassBasedTestDescriptor.lambda$invokeTestInstancePostProcessors$8(ClassBasedTestDescriptor.java:363)
	at org.junit.jupiter.engine.descriptor.ClassBasedTestDescriptor.executeAndMaskThrowable(ClassBasedTestDescriptor.java:368)
	at org.junit.jupiter.engine.descriptor.ClassBasedTestDescriptor.lambda$invokeTestInstancePostProcessors$9(ClassBasedTestDescriptor.java:363)
	at java.base/java.util.stream.ReferencePipeline$3$1.accept(ReferencePipeline.java:195)
	at java.base/java.util.stream.ReferencePipeline$2$1.accept(ReferencePipeline.java:177)
	at java.base/java.util.ArrayList$ArrayListSpliterator.forEachRemaining(ArrayList.java:1654)
	at java.base/java.util.stream.AbstractPipeline.copyInto(AbstractPipeline.java:484)
	at java.base/java.util.stream.AbstractPipeline.wrapAndCopyInto(AbstractPipeline.java:474)
	at java.base/java.util.stream.StreamSpliterators$WrappingSpliterator.forEachRemaining(StreamSpliterators.java:312)
	at java.base/java.util.stream.Streams$ConcatSpliterator.forEachRemaining(Streams.java:735)
	at java.base/java.util.stream.Streams$ConcatSpliterator.forEachRemaining(Streams.java:734)
	at java.base/java.util.stream.ReferencePipeline$Head.forEach(ReferencePipeline.java:658)
	at org.junit.jupiter.engine.descriptor.ClassBasedTestDescriptor.invokeTestInstancePostProcessors(ClassBasedTestDescriptor.java:362)
	at org.junit.jupiter.engine.descriptor.ClassBasedTestDescriptor.lambda$instantiateAndPostProcessTestInstance$6(ClassBasedTestDescriptor.java:283)
	at org.junit.platform.engine.support.hierarchical.ThrowableCollector.execute(ThrowableCollector.java:73)
	at org.junit.jupiter.engine.descriptor.ClassBasedTestDescriptor.instantiateAndPostProcessTestInstance(ClassBasedTestDescriptor.java:282)
	at org.junit.jupiter.engine.descriptor.ClassBasedTestDescriptor.lambda$testInstancesProvider$4(ClassBasedTestDescriptor.java:272)
	at java.base/java.util.Optional.orElseGet(Optional.java:369)
	at org.junit.jupiter.engine.descriptor.ClassBasedTestDescriptor.lambda$testInstancesProvider$5(ClassBasedTestDescriptor.java:271)
	at org.junit.jupiter.engine.execution.TestInstancesProvider.getTestInstances(TestInstancesProvider.java:31)
	at org.junit.jupiter.engine.descriptor.TestMethodTestDescriptor.lambda$prepare$0(TestMethodTestDescriptor.java:102)
	at org.junit.platform.engine.support.hierarchical.ThrowableCollector.execute(ThrowableCollector.java:73)
	at org.junit.jupiter.engine.descriptor.TestMethodTestDescriptor.prepare(TestMethodTestDescriptor.java:101)
	at org.junit.jupiter.engine.descriptor.TestMethodTestDescriptor.prepare(TestMethodTestDescriptor.java:66)
	at org.junit.platform.engine.support.hierarchical.NodeTestTask.lambda$prepare$2(NodeTestTask.java:123)
	at org.junit.platform.engine.support.hierarchical.ThrowableCollector.execute(ThrowableCollector.java:73)
	at org.junit.platform.engine.support.hierarchical.NodeTestTask.prepare(NodeTestTask.java:123)
	at org.junit.platform.engine.support.hierarchical.NodeTestTask.execute(NodeTestTask.java:90)
	at java.base/java.util.ArrayList.forEach(ArrayList.java:1540)
	at org.junit.platform.engine.support.hierarchical.SameThreadHierarchicalTestExecutorService.invokeAll(SameThreadHierarchicalTestExecutorService.java:41)
	at org.junit.platform.engine.support.hierarchical.NodeTestTask.lambda$executeRecursively$6(NodeTestTask.java:155)
	at org.junit.platform.engine.support.hierarchical.ThrowableCollector.execute(ThrowableCollector.java:73)
	at org.junit.platform.engine.support.hierarchical.NodeTestTask.lambda$executeRecursively$8(NodeTestTask.java:141)
	at org.junit.platform.engine.support.hierarchical.Node.around(Node.java:137)
	at org.junit.platform.engine.support.hierarchical.NodeTestTask.lambda$executeRecursively$9(NodeTestTask.java:139)
	at org.junit.platform.engine.support.hierarchical.ThrowableCollector.execute(ThrowableCollector.java:73)
	at org.junit.platform.engine.support.hierarchical.NodeTestTask.executeRecursively(NodeTestTask.java:138)
	at org.junit.platform.engine.support.hierarchical.NodeTestTask.execute(NodeTestTask.java:95)
	at java.base/java.util.ArrayList.forEach(ArrayList.java:1540)
	at org.junit.platform.engine.support.hierarchical.SameThreadHierarchicalTestExecutorService.invokeAll(SameThreadHierarchicalTestExecutorService.java:41)
	at org.junit.platform.engine.support.hierarchical.NodeTestTask.lambda$executeRecursively$6(NodeTestTask.java:155)
	at org.junit.platform.engine.support.hierarchical.ThrowableCollector.execute(ThrowableCollector.java:73)
	at org.junit.platform.engine.support.hierarchical.NodeTestTask.lambda$executeRecursively$8(NodeTestTask.java:141)
	at org.junit.platform.engine.support.hierarchical.Node.around(Node.java:137)
	at org.junit.platform.engine.support.hierarchical.NodeTestTask.lambda$executeRecursively$9(NodeTestTask.java:139)
	at org.junit.platform.engine.support.hierarchical.ThrowableCollector.execute(ThrowableCollector.java:73)
	at org.junit.platform.engine.support.hierarchical.NodeTestTask.executeRecursively(NodeTestTask.java:138)
	at org.junit.platform.engine.support.hierarchical.NodeTestTask.execute(NodeTestTask.java:95)
	at org.junit.platform.engine.support.hierarchical.SameThreadHierarchicalTestExecutorService.submit(SameThreadHierarchicalTestExecutorService.java:35)
	at org.junit.platform.engine.support.hierarchical.HierarchicalTestExecutor.execute(HierarchicalTestExecutor.java:57)
	at org.junit.platform.engine.support.hierarchical.HierarchicalTestEngine.execute(HierarchicalTestEngine.java:54)
	at org.junit.platform.launcher.core.EngineExecutionOrchestrator.execute(EngineExecutionOrchestrator.java:108)
	at org.junit.platform.launcher.core.EngineExecutionOrchestrator.execute(EngineExecutionOrchestrator.java:88)
	at org.junit.platform.launcher.core.EngineExecutionOrchestrator.lambda$execute$0(EngineExecutionOrchestrator.java:54)
	at org.junit.platform.launcher.core.EngineExecutionOrchestrator.withInterceptedStreams(EngineExecutionOrchestrator.java:67)
	at org.junit.platform.launcher.core.EngineExecutionOrchestrator.execute(EngineExecutionOrchestrator.java:52)
	at org.junit.platform.launcher.core.DefaultLauncher.execute(DefaultLauncher.java:96)
	at org.junit.platform.launcher.core.DefaultLauncher.execute(DefaultLauncher.java:75)
	at org.gradle.api.internal.tasks.testing.junitplatform.JUnitPlatformTestClassProcessor$CollectAllTestClassesExecutor.processAllTestClasses(JUnitPlatformTestClassProcessor.java:99)
	at org.gradle.api.internal.tasks.testing.junitplatform.JUnitPlatformTestClassProcessor$CollectAllTestClassesExecutor.access$000(JUnitPlatformTestClassProcessor.java:79)
	at org.gradle.api.internal.tasks.testing.junitplatform.JUnitPlatformTestClassProcessor.stop(JUnitPlatformTestClassProcessor.java:75)
	at org.gradle.api.internal.tasks.testing.SuiteTestClassProcessor.stop(SuiteTestClassProcessor.java:61)
	at java.base/jdk.internal.reflect.NativeMethodAccessorImpl.invoke0(Native Method)
	at java.base/jdk.internal.reflect.NativeMethodAccessorImpl.invoke(NativeMethodAccessorImpl.java:62)
	at java.base/jdk.internal.reflect.DelegatingMethodAccessorImpl.invoke(DelegatingMethodAccessorImpl.java:43)
	at java.base/java.lang.reflect.Method.invoke(Method.java:566)
	at org.gradle.internal.dispatch.ReflectionDispatch.dispatch(ReflectionDispatch.java:36)
	at org.gradle.internal.dispatch.ReflectionDispatch.dispatch(ReflectionDispatch.java:24)
	at org.gradle.internal.dispatch.ContextClassLoaderDispatch.dispatch(ContextClassLoaderDispatch.java:33)
	at org.gradle.internal.dispatch.ProxyDispatchAdapter$DispatchingInvocationHandler.invoke(ProxyDispatchAdapter.java:94)
	at com.sun.proxy.$Proxy5.stop(Unknown Source)
	at org.gradle.api.internal.tasks.testing.worker.TestWorker$3.run(TestWorker.java:193)
	at org.gradle.api.internal.tasks.testing.worker.TestWorker.executeAndMaintainThreadName(TestWorker.java:129)
	at org.gradle.api.internal.tasks.testing.worker.TestWorker.execute(TestWorker.java:100)
	at org.gradle.api.internal.tasks.testing.worker.TestWorker.execute(TestWorker.java:60)
	at org.gradle.process.internal.worker.child.ActionExecutionWorker.execute(ActionExecutionWorker.java:56)
	at org.gradle.process.internal.worker.child.SystemApplicationClassLoaderWorker.call(SystemApplicationClassLoaderWorker.java:133)
	at org.gradle.process.internal.worker.child.SystemApplicationClassLoaderWorker.call(SystemApplicationClassLoaderWorker.java:71)
	at worker.org.gradle.process.internal.worker.GradleWorkerMain.run(GradleWorkerMain.java:69)
	at worker.org.gradle.process.internal.worker.GradleWorkerMain.main(GradleWorkerMain.java:74)
Caused by: org.springframework.beans.factory.BeanCreationException: Error creating bean with name 'dataSourceScriptDatabaseInitializer' defined in class path resource [org/springframework/boot/autoconfigure/sql/init/DataSourceInitializationConfiguration.class]: Invocation of init method failed; nested exception is org.springframework.jdbc.datasource.init.ScriptStatementFailedException: Failed to execute SQL script statement #3 of class path resource [data.sql]: INSERT INTO users(first_name, last_name, email, password, id_status, create_date, update_date) VALUES ('Carey', 'Mahoney', 'carey_mahoney@gmail.com', '123', 1, '2022-05-10 12:33:33', '2022-05-10 12:33:33'), ('Eric', 'Lassard', 'eric_lassard@gmail.com', '123', 1, '2022-05-10 12:33:33', '2022-05-10 12:33:33'), ('Eugene', 'Tackleberry', 'eugene_tackleberry@gmail.com', '123', 1, '2022-05-10 12:33:33', '2022-05-10 12:33:33'), ('Moses', 'Hightower', 'moses_hightower@gmail.com', '123', 1, '2022-05-10 12:33:33', '2022-05-10 12:33:33'); nested exception is org.h2.jdbc.JdbcSQLSyntaxErrorException: Столбец "ID_STATUS" не найден
Column "ID_STATUS" not found; SQL statement:
INSERT INTO users(first_name, last_name, email, password, id_status, create_date, update_date) VALUES ('Carey', 'Mahoney', 'carey_mahoney@gmail.com', '123', 1, '2022-05-10 12:33:33', '2022-05-10 12:33:33'), ('Eric', 'Lassard', 'eric_lassard@gmail.com', '123', 1, '2022-05-10 12:33:33', '2022-05-10 12:33:33'), ('Eugene', 'Tackleberry', 'eugene_tackleberry@gmail.com', '123', 1, '2022-05-10 12:33:33', '2022-05-10 12:33:33'), ('Moses', 'Hightower', 'moses_hightower@gmail.com', '123', 1, '2022-05-10 12:33:33', '2022-05-10 12:33:33') [42122-210]
	at org.springframework.beans.factory.support.AbstractAutowireCapableBeanFactory.initializeBean(AbstractAutowireCapableBeanFactory.java:1804)
	at org.springframework.beans.factory.support.AbstractAutowireCapableBeanFactory.doCreateBean(AbstractAutowireCapableBeanFactory.java:620)
	at org.springframework.beans.factory.support.AbstractAutowireCapableBeanFactory.createBean(AbstractAutowireCapableBeanFactory.java:542)
	at org.springframework.beans.factory.support.AbstractBeanFactory.lambda$doGetBean$0(AbstractBeanFactory.java:335)
	at org.springframework.beans.factory.support.DefaultSingletonBeanRegistry.getSingleton(DefaultSingletonBeanRegistry.java:234)
	at org.springframework.beans.factory.support.AbstractBeanFactory.doGetBean(AbstractBeanFactory.java:333)
	at org.springframework.beans.factory.support.AbstractBeanFactory.getBean(AbstractBeanFactory.java:208)
	at org.springframework.beans.factory.support.AbstractBeanFactory.doGetBean(AbstractBeanFactory.java:322)
	at org.springframework.beans.factory.support.AbstractBeanFactory.getBean(AbstractBeanFactory.java:208)
	at org.springframework.beans.factory.config.DependencyDescriptor.resolveCandidate(DependencyDescriptor.java:276)
	at org.springframework.beans.factory.support.DefaultListableBeanFactory.doResolveDependency(DefaultListableBeanFactory.java:1389)
	at org.springframework.beans.factory.support.DefaultListableBeanFactory.resolveDependency(DefaultListableBeanFactory.java:1309)
	at org.springframework.beans.factory.support.ConstructorResolver.resolveAutowiredArgument(ConstructorResolver.java:887)
	at org.springframework.beans.factory.support.ConstructorResolver.createArgumentArray(ConstructorResolver.java:791)
	... 103 common frames omitted
Caused by: org.springframework.jdbc.datasource.init.ScriptStatementFailedException: Failed to execute SQL script statement #3 of class path resource [data.sql]: INSERT INTO users(first_name, last_name, email, password, id_status, create_date, update_date) VALUES ('Carey', 'Mahoney', 'carey_mahoney@gmail.com', '123', 1, '2022-05-10 12:33:33', '2022-05-10 12:33:33'), ('Eric', 'Lassard', 'eric_lassard@gmail.com', '123', 1, '2022-05-10 12:33:33', '2022-05-10 12:33:33'), ('Eugene', 'Tackleberry', 'eugene_tackleberry@gmail.com', '123', 1, '2022-05-10 12:33:33', '2022-05-10 12:33:33'), ('Moses', 'Hightower', 'moses_hightower@gmail.com', '123', 1, '2022-05-10 12:33:33', '2022-05-10 12:33:33'); nested exception is org.h2.jdbc.JdbcSQLSyntaxErrorException: Столбец "ID_STATUS" не найден
Column "ID_STATUS" not found; SQL statement:
INSERT INTO users(first_name, last_name, email, password, id_status, create_date, update_date) VALUES ('Carey', 'Mahoney', 'carey_mahoney@gmail.com', '123', 1, '2022-05-10 12:33:33', '2022-05-10 12:33:33'), ('Eric', 'Lassard', 'eric_lassard@gmail.com', '123', 1, '2022-05-10 12:33:33', '2022-05-10 12:33:33'), ('Eugene', 'Tackleberry', 'eugene_tackleberry@gmail.com', '123', 1, '2022-05-10 12:33:33', '2022-05-10 12:33:33'), ('Moses', 'Hightower', 'moses_hightower@gmail.com', '123', 1, '2022-05-10 12:33:33', '2022-05-10 12:33:33') [42122-210]
	at org.springframework.jdbc.datasource.init.ScriptUtils.executeSqlScript(ScriptUtils.java:282)
	at org.springframework.jdbc.datasource.init.ResourceDatabasePopulator.populate(ResourceDatabasePopulator.java:254)
	at org.springframework.jdbc.datasource.init.DatabasePopulatorUtils.execute(DatabasePopulatorUtils.java:54)
	at org.springframework.boot.jdbc.init.DataSourceScriptDatabaseInitializer.runScripts(DataSourceScriptDatabaseInitializer.java:90)
	at org.springframework.boot.sql.init.AbstractScriptDatabaseInitializer.runScripts(AbstractScriptDatabaseInitializer.java:145)
	at org.springframework.boot.sql.init.AbstractScriptDatabaseInitializer.applyScripts(AbstractScriptDatabaseInitializer.java:107)
	at org.springframework.boot.sql.init.AbstractScriptDatabaseInitializer.applyDataScripts(AbstractScriptDatabaseInitializer.java:101)
	at org.springframework.boot.sql.init.AbstractScriptDatabaseInitializer.initializeDatabase(AbstractScriptDatabaseInitializer.java:76)
	at org.springframework.boot.sql.init.AbstractScriptDatabaseInitializer.afterPropertiesSet(AbstractScriptDatabaseInitializer.java:65)
	at org.springframework.beans.factory.support.AbstractAutowireCapableBeanFactory.invokeInitMethods(AbstractAutowireCapableBeanFactory.java:1863)
	at org.springframework.beans.factory.support.AbstractAutowireCapableBeanFactory.initializeBean(AbstractAutowireCapableBeanFactory.java:1800)
	... 116 common frames omitted
Caused by: org.h2.jdbc.JdbcSQLSyntaxErrorException: Столбец "ID_STATUS" не найден
Column "ID_STATUS" not found; SQL statement:
INSERT INTO users(first_name, last_name, email, password, id_status, create_date, update_date) VALUES ('Carey', 'Mahoney', 'carey_mahoney@gmail.com', '123', 1, '2022-05-10 12:33:33', '2022-05-10 12:33:33'), ('Eric', 'Lassard', 'eric_lassard@gmail.com', '123', 1, '2022-05-10 12:33:33', '2022-05-10 12:33:33'), ('Eugene', 'Tackleberry', 'eugene_tackleberry@gmail.com', '123', 1, '2022-05-10 12:33:33', '2022-05-10 12:33:33'), ('Moses', 'Hightower', 'moses_hightower@gmail.com', '123', 1, '2022-05-10 12:33:33', '2022-05-10 12:33:33') [42122-210]
	at org.h2.message.DbException.getJdbcSQLException(DbException.java:521)
	at org.h2.message.DbException.getJdbcSQLException(DbException.java:496)
	at org.h2.message.DbException.get(DbException.java:227)
	at org.h2.message.DbException.get(DbException.java:203)
	at org.h2.table.Table.getColumn(Table.java:754)
	at org.h2.command.Parser.parseColumn(Parser.java:1247)
	at org.h2.command.Parser.parseColumnList(Parser.java:1232)
	at org.h2.command.Parser.parseInsert(Parser.java:1633)
	at org.h2.command.Parser.parsePrepared(Parser.java:797)
	at org.h2.command.Parser.parse(Parser.java:674)
	at org.h2.command.Parser.parse(Parser.java:644)
	at org.h2.command.Parser.prepareCommand(Parser.java:551)
	at org.h2.engine.SessionLocal.prepareLocal(SessionLocal.java:615)
	at org.h2.engine.SessionLocal.prepareCommand(SessionLocal.java:553)
	at org.h2.jdbc.JdbcConnection.prepareCommand(JdbcConnection.java:1116)
	at org.h2.jdbc.JdbcStatement.executeInternal(JdbcStatement.java:237)
	at org.h2.jdbc.JdbcStatement.execute(JdbcStatement.java:223)
	at com.zaxxer.hikari.pool.ProxyStatement.execute(ProxyStatement.java:94)
	at com.zaxxer.hikari.pool.HikariProxyStatement.execute(HikariProxyStatement.java)
	at org.springframework.jdbc.datasource.init.ScriptUtils.executeSqlScript(ScriptUtils.java:261)
	... 126 common frames omitted
2022-12-06 20:59:23,677 ERROR org.springframework.test.context.TestContextManager [Test worker] Caught exception while allowing TestExecutionListener [org.springframework.test.context.web.ServletTestExecutionListener@3e77c173] to prepare test instance [com.epam.esm.dao.impl.UserDaoImplTest@75b986b9]
java.lang.IllegalStateException: Failed to load ApplicationContext
	at org.springframework.test.context.cache.DefaultCacheAwareContextLoaderDelegate.loadContext(DefaultCacheAwareContextLoaderDelegate.java:132)
	at org.springframework.test.context.support.DefaultTestContext.getApplicationContext(DefaultTestContext.java:124)
	at org.springframework.test.context.web.ServletTestExecutionListener.setUpRequestContextIfNecessary(ServletTestExecutionListener.java:190)
	at org.springframework.test.context.web.ServletTestExecutionListener.prepareTestInstance(ServletTestExecutionListener.java:132)
	at org.springframework.test.context.TestContextManager.prepareTestInstance(TestContextManager.java:248)
	at org.springframework.test.context.junit.jupiter.SpringExtension.postProcessTestInstance(SpringExtension.java:138)
	at org.junit.jupiter.engine.descriptor.ClassBasedTestDescriptor.lambda$invokeTestInstancePostProcessors$8(ClassBasedTestDescriptor.java:363)
	at org.junit.jupiter.engine.descriptor.ClassBasedTestDescriptor.executeAndMaskThrowable(ClassBasedTestDescriptor.java:368)
	at org.junit.jupiter.engine.descriptor.ClassBasedTestDescriptor.lambda$invokeTestInstancePostProcessors$9(ClassBasedTestDescriptor.java:363)
	at java.base/java.util.stream.ReferencePipeline$3$1.accept(ReferencePipeline.java:195)
	at java.base/java.util.stream.ReferencePipeline$2$1.accept(ReferencePipeline.java:177)
	at java.base/java.util.ArrayList$ArrayListSpliterator.forEachRemaining(ArrayList.java:1654)
	at java.base/java.util.stream.AbstractPipeline.copyInto(AbstractPipeline.java:484)
	at java.base/java.util.stream.AbstractPipeline.wrapAndCopyInto(AbstractPipeline.java:474)
	at java.base/java.util.stream.StreamSpliterators$WrappingSpliterator.forEachRemaining(StreamSpliterators.java:312)
	at java.base/java.util.stream.Streams$ConcatSpliterator.forEachRemaining(Streams.java:735)
	at java.base/java.util.stream.Streams$ConcatSpliterator.forEachRemaining(Streams.java:734)
	at java.base/java.util.stream.ReferencePipeline$Head.forEach(ReferencePipeline.java:658)
	at org.junit.jupiter.engine.descriptor.ClassBasedTestDescriptor.invokeTestInstancePostProcessors(ClassBasedTestDescriptor.java:362)
	at org.junit.jupiter.engine.descriptor.ClassBasedTestDescriptor.lambda$instantiateAndPostProcessTestInstance$6(ClassBasedTestDescriptor.java:283)
	at org.junit.platform.engine.support.hierarchical.ThrowableCollector.execute(ThrowableCollector.java:73)
	at org.junit.jupiter.engine.descriptor.ClassBasedTestDescriptor.instantiateAndPostProcessTestInstance(ClassBasedTestDescriptor.java:282)
	at org.junit.jupiter.engine.descriptor.ClassBasedTestDescriptor.lambda$testInstancesProvider$4(ClassBasedTestDescriptor.java:272)
	at java.base/java.util.Optional.orElseGet(Optional.java:369)
	at org.junit.jupiter.engine.descriptor.ClassBasedTestDescriptor.lambda$testInstancesProvider$5(ClassBasedTestDescriptor.java:271)
	at org.junit.jupiter.engine.execution.TestInstancesProvider.getTestInstances(TestInstancesProvider.java:31)
	at org.junit.jupiter.engine.descriptor.TestMethodTestDescriptor.lambda$prepare$0(TestMethodTestDescriptor.java:102)
	at org.junit.platform.engine.support.hierarchical.ThrowableCollector.execute(ThrowableCollector.java:73)
	at org.junit.jupiter.engine.descriptor.TestMethodTestDescriptor.prepare(TestMethodTestDescriptor.java:101)
	at org.junit.jupiter.engine.descriptor.TestMethodTestDescriptor.prepare(TestMethodTestDescriptor.java:66)
	at org.junit.platform.engine.support.hierarchical.NodeTestTask.lambda$prepare$2(NodeTestTask.java:123)
	at org.junit.platform.engine.support.hierarchical.ThrowableCollector.execute(ThrowableCollector.java:73)
	at org.junit.platform.engine.support.hierarchical.NodeTestTask.prepare(NodeTestTask.java:123)
	at org.junit.platform.engine.support.hierarchical.NodeTestTask.execute(NodeTestTask.java:90)
	at java.base/java.util.ArrayList.forEach(ArrayList.java:1540)
	at org.junit.platform.engine.support.hierarchical.SameThreadHierarchicalTestExecutorService.invokeAll(SameThreadHierarchicalTestExecutorService.java:41)
	at org.junit.platform.engine.support.hierarchical.NodeTestTask.lambda$executeRecursively$6(NodeTestTask.java:155)
	at org.junit.platform.engine.support.hierarchical.ThrowableCollector.execute(ThrowableCollector.java:73)
	at org.junit.platform.engine.support.hierarchical.NodeTestTask.lambda$executeRecursively$8(NodeTestTask.java:141)
	at org.junit.platform.engine.support.hierarchical.Node.around(Node.java:137)
	at org.junit.platform.engine.support.hierarchical.NodeTestTask.lambda$executeRecursively$9(NodeTestTask.java:139)
	at org.junit.platform.engine.support.hierarchical.ThrowableCollector.execute(ThrowableCollector.java:73)
	at org.junit.platform.engine.support.hierarchical.NodeTestTask.executeRecursively(NodeTestTask.java:138)
	at org.junit.platform.engine.support.hierarchical.NodeTestTask.execute(NodeTestTask.java:95)
	at java.base/java.util.ArrayList.forEach(ArrayList.java:1540)
	at org.junit.platform.engine.support.hierarchical.SameThreadHierarchicalTestExecutorService.invokeAll(SameThreadHierarchicalTestExecutorService.java:41)
	at org.junit.platform.engine.support.hierarchical.NodeTestTask.lambda$executeRecursively$6(NodeTestTask.java:155)
	at org.junit.platform.engine.support.hierarchical.ThrowableCollector.execute(ThrowableCollector.java:73)
	at org.junit.platform.engine.support.hierarchical.NodeTestTask.lambda$executeRecursively$8(NodeTestTask.java:141)
	at org.junit.platform.engine.support.hierarchical.Node.around(Node.java:137)
	at org.junit.platform.engine.support.hierarchical.NodeTestTask.lambda$executeRecursively$9(NodeTestTask.java:139)
	at org.junit.platform.engine.support.hierarchical.ThrowableCollector.execute(ThrowableCollector.java:73)
	at org.junit.platform.engine.support.hierarchical.NodeTestTask.executeRecursively(NodeTestTask.java:138)
	at org.junit.platform.engine.support.hierarchical.NodeTestTask.execute(NodeTestTask.java:95)
	at org.junit.platform.engine.support.hierarchical.SameThreadHierarchicalTestExecutorService.submit(SameThreadHierarchicalTestExecutorService.java:35)
	at org.junit.platform.engine.support.hierarchical.HierarchicalTestExecutor.execute(HierarchicalTestExecutor.java:57)
	at org.junit.platform.engine.support.hierarchical.HierarchicalTestEngine.execute(HierarchicalTestEngine.java:54)
	at org.junit.platform.launcher.core.EngineExecutionOrchestrator.execute(EngineExecutionOrchestrator.java:108)
	at org.junit.platform.launcher.core.EngineExecutionOrchestrator.execute(EngineExecutionOrchestrator.java:88)
	at org.junit.platform.launcher.core.EngineExecutionOrchestrator.lambda$execute$0(EngineExecutionOrchestrator.java:54)
	at org.junit.platform.launcher.core.EngineExecutionOrchestrator.withInterceptedStreams(EngineExecutionOrchestrator.java:67)
	at org.junit.platform.launcher.core.EngineExecutionOrchestrator.execute(EngineExecutionOrchestrator.java:52)
	at org.junit.platform.launcher.core.DefaultLauncher.execute(DefaultLauncher.java:96)
	at org.junit.platform.launcher.core.DefaultLauncher.execute(DefaultLauncher.java:75)
	at org.gradle.api.internal.tasks.testing.junitplatform.JUnitPlatformTestClassProcessor$CollectAllTestClassesExecutor.processAllTestClasses(JUnitPlatformTestClassProcessor.java:99)
	at org.gradle.api.internal.tasks.testing.junitplatform.JUnitPlatformTestClassProcessor$CollectAllTestClassesExecutor.access$000(JUnitPlatformTestClassProcessor.java:79)
	at org.gradle.api.internal.tasks.testing.junitplatform.JUnitPlatformTestClassProcessor.stop(JUnitPlatformTestClassProcessor.java:75)
	at org.gradle.api.internal.tasks.testing.SuiteTestClassProcessor.stop(SuiteTestClassProcessor.java:61)
	at java.base/jdk.internal.reflect.NativeMethodAccessorImpl.invoke0(Native Method)
	at java.base/jdk.internal.reflect.NativeMethodAccessorImpl.invoke(NativeMethodAccessorImpl.java:62)
	at java.base/jdk.internal.reflect.DelegatingMethodAccessorImpl.invoke(DelegatingMethodAccessorImpl.java:43)
	at java.base/java.lang.reflect.Method.invoke(Method.java:566)
	at org.gradle.internal.dispatch.ReflectionDispatch.dispatch(ReflectionDispatch.java:36)
	at org.gradle.internal.dispatch.ReflectionDispatch.dispatch(ReflectionDispatch.java:24)
	at org.gradle.internal.dispatch.ContextClassLoaderDispatch.dispatch(ContextClassLoaderDispatch.java:33)
	at org.gradle.internal.dispatch.ProxyDispatchAdapter$DispatchingInvocationHandler.invoke(ProxyDispatchAdapter.java:94)
	at com.sun.proxy.$Proxy5.stop(Unknown Source)
	at org.gradle.api.internal.tasks.testing.worker.TestWorker$3.run(TestWorker.java:193)
	at org.gradle.api.internal.tasks.testing.worker.TestWorker.executeAndMaintainThreadName(TestWorker.java:129)
	at org.gradle.api.internal.tasks.testing.worker.TestWorker.execute(TestWorker.java:100)
	at org.gradle.api.internal.tasks.testing.worker.TestWorker.execute(TestWorker.java:60)
	at org.gradle.process.internal.worker.child.ActionExecutionWorker.execute(ActionExecutionWorker.java:56)
	at org.gradle.process.internal.worker.child.SystemApplicationClassLoaderWorker.call(SystemApplicationClassLoaderWorker.java:133)
	at org.gradle.process.internal.worker.child.SystemApplicationClassLoaderWorker.call(SystemApplicationClassLoaderWorker.java:71)
	at worker.org.gradle.process.internal.worker.GradleWorkerMain.run(GradleWorkerMain.java:69)
	at worker.org.gradle.process.internal.worker.GradleWorkerMain.main(GradleWorkerMain.java:74)
Caused by: org.springframework.beans.factory.UnsatisfiedDependencyException: Error creating bean with name 'giftCertificateDaoImpl' defined in file [C:\Users\Александр\IdeaProjects\OnlineStore\Core\build\classes\java\main\com\epam\esm\dao\impl\GiftCertificateDaoImpl.class]: Unsatisfied dependency expressed through constructor parameter 0; nested exception is org.springframework.beans.factory.BeanCreationException: Error creating bean with name 'dataSourceScriptDatabaseInitializer' defined in class path resource [org/springframework/boot/autoconfigure/sql/init/DataSourceInitializationConfiguration.class]: Invocation of init method failed; nested exception is org.springframework.jdbc.datasource.init.ScriptStatementFailedException: Failed to execute SQL script statement #3 of class path resource [data.sql]: INSERT INTO users(first_name, last_name, email, password, id_status, create_date, update_date) VALUES ('Carey', 'Mahoney', 'carey_mahoney@gmail.com', '123', 1, '2022-05-10 12:33:33', '2022-05-10 12:33:33'), ('Eric', 'Lassard', 'eric_lassard@gmail.com', '123', 1, '2022-05-10 12:33:33', '2022-05-10 12:33:33'), ('Eugene', 'Tackleberry', 'eugene_tackleberry@gmail.com', '123', 1, '2022-05-10 12:33:33', '2022-05-10 12:33:33'), ('Moses', 'Hightower', 'moses_hightower@gmail.com', '123', 1, '2022-05-10 12:33:33', '2022-05-10 12:33:33'); nested exception is org.h2.jdbc.JdbcSQLSyntaxErrorException: Столбец "ID_STATUS" не найден
Column "ID_STATUS" not found; SQL statement:
INSERT INTO users(first_name, last_name, email, password, id_status, create_date, update_date) VALUES ('Carey', 'Mahoney', 'carey_mahoney@gmail.com', '123', 1, '2022-05-10 12:33:33', '2022-05-10 12:33:33'), ('Eric', 'Lassard', 'eric_lassard@gmail.com', '123', 1, '2022-05-10 12:33:33', '2022-05-10 12:33:33'), ('Eugene', 'Tackleberry', 'eugene_tackleberry@gmail.com', '123', 1, '2022-05-10 12:33:33', '2022-05-10 12:33:33'), ('Moses', 'Hightower', 'moses_hightower@gmail.com', '123', 1, '2022-05-10 12:33:33', '2022-05-10 12:33:33') [42122-210]
	at org.springframework.beans.factory.support.ConstructorResolver.createArgumentArray(ConstructorResolver.java:800)
	at org.springframework.beans.factory.support.ConstructorResolver.autowireConstructor(ConstructorResolver.java:229)
	at org.springframework.beans.factory.support.AbstractAutowireCapableBeanFactory.autowireConstructor(AbstractAutowireCapableBeanFactory.java:1372)
	at org.springframework.beans.factory.support.AbstractAutowireCapableBeanFactory.createBeanInstance(AbstractAutowireCapableBeanFactory.java:1222)
	at org.springframework.beans.factory.support.AbstractAutowireCapableBeanFactory.doCreateBean(AbstractAutowireCapableBeanFactory.java:582)
	at org.springframework.beans.factory.support.AbstractAutowireCapableBeanFactory.createBean(AbstractAutowireCapableBeanFactory.java:542)
	at org.springframework.beans.factory.support.AbstractBeanFactory.lambda$doGetBean$0(AbstractBeanFactory.java:335)
	at org.springframework.beans.factory.support.DefaultSingletonBeanRegistry.getSingleton(DefaultSingletonBeanRegistry.java:234)
	at org.springframework.beans.factory.support.AbstractBeanFactory.doGetBean(AbstractBeanFactory.java:333)
	at org.springframework.beans.factory.support.AbstractBeanFactory.getBean(AbstractBeanFactory.java:208)
	at org.springframework.beans.factory.support.DefaultListableBeanFactory.preInstantiateSingletons(DefaultListableBeanFactory.java:953)
	at org.springframework.context.support.AbstractApplicationContext.finishBeanFactoryInitialization(AbstractApplicationContext.java:918)
	at org.springframework.context.support.AbstractApplicationContext.refresh(AbstractApplicationContext.java:583)
	at org.springframework.boot.SpringApplication.refresh(SpringApplication.java:740)
	at org.springframework.boot.SpringApplication.refreshContext(SpringApplication.java:415)
	at org.springframework.boot.SpringApplication.run(SpringApplication.java:303)
	at org.springframework.boot.test.context.SpringBootContextLoader.loadContext(SpringBootContextLoader.java:144)
	at org.springframework.test.context.cache.DefaultCacheAwareContextLoaderDelegate.loadContextInternal(DefaultCacheAwareContextLoaderDelegate.java:99)
	at org.springframework.test.context.cache.DefaultCacheAwareContextLoaderDelegate.loadContext(DefaultCacheAwareContextLoaderDelegate.java:124)
	... 85 common frames omitted
Caused by: org.springframework.beans.factory.BeanCreationException: Error creating bean with name 'dataSourceScriptDatabaseInitializer' defined in class path resource [org/springframework/boot/autoconfigure/sql/init/DataSourceInitializationConfiguration.class]: Invocation of init method failed; nested exception is org.springframework.jdbc.datasource.init.ScriptStatementFailedException: Failed to execute SQL script statement #3 of class path resource [data.sql]: INSERT INTO users(first_name, last_name, email, password, id_status, create_date, update_date) VALUES ('Carey', 'Mahoney', 'carey_mahoney@gmail.com', '123', 1, '2022-05-10 12:33:33', '2022-05-10 12:33:33'), ('Eric', 'Lassard', 'eric_lassard@gmail.com', '123', 1, '2022-05-10 12:33:33', '2022-05-10 12:33:33'), ('Eugene', 'Tackleberry', 'eugene_tackleberry@gmail.com', '123', 1, '2022-05-10 12:33:33', '2022-05-10 12:33:33'), ('Moses', 'Hightower', 'moses_hightower@gmail.com', '123', 1, '2022-05-10 12:33:33', '2022-05-10 12:33:33'); nested exception is org.h2.jdbc.JdbcSQLSyntaxErrorException: Столбец "ID_STATUS" не найден
Column "ID_STATUS" not found; SQL statement:
INSERT INTO users(first_name, last_name, email, password, id_status, create_date, update_date) VALUES ('Carey', 'Mahoney', 'carey_mahoney@gmail.com', '123', 1, '2022-05-10 12:33:33', '2022-05-10 12:33:33'), ('Eric', 'Lassard', 'eric_lassard@gmail.com', '123', 1, '2022-05-10 12:33:33', '2022-05-10 12:33:33'), ('Eugene', 'Tackleberry', 'eugene_tackleberry@gmail.com', '123', 1, '2022-05-10 12:33:33', '2022-05-10 12:33:33'), ('Moses', 'Hightower', 'moses_hightower@gmail.com', '123', 1, '2022-05-10 12:33:33', '2022-05-10 12:33:33') [42122-210]
	at org.springframework.beans.factory.support.AbstractAutowireCapableBeanFactory.initializeBean(AbstractAutowireCapableBeanFactory.java:1804)
	at org.springframework.beans.factory.support.AbstractAutowireCapableBeanFactory.doCreateBean(AbstractAutowireCapableBeanFactory.java:620)
	at org.springframework.beans.factory.support.AbstractAutowireCapableBeanFactory.createBean(AbstractAutowireCapableBeanFactory.java:542)
	at org.springframework.beans.factory.support.AbstractBeanFactory.lambda$doGetBean$0(AbstractBeanFactory.java:335)
	at org.springframework.beans.factory.support.DefaultSingletonBeanRegistry.getSingleton(DefaultSingletonBeanRegistry.java:234)
	at org.springframework.beans.factory.support.AbstractBeanFactory.doGetBean(AbstractBeanFactory.java:333)
	at org.springframework.beans.factory.support.AbstractBeanFactory.getBean(AbstractBeanFactory.java:208)
	at org.springframework.beans.factory.support.AbstractBeanFactory.doGetBean(AbstractBeanFactory.java:322)
	at org.springframework.beans.factory.support.AbstractBeanFactory.getBean(AbstractBeanFactory.java:208)
	at org.springframework.beans.factory.config.DependencyDescriptor.resolveCandidate(DependencyDescriptor.java:276)
	at org.springframework.beans.factory.support.DefaultListableBeanFactory.doResolveDependency(DefaultListableBeanFactory.java:1389)
	at org.springframework.beans.factory.support.DefaultListableBeanFactory.resolveDependency(DefaultListableBeanFactory.java:1309)
	at org.springframework.beans.factory.support.ConstructorResolver.resolveAutowiredArgument(ConstructorResolver.java:887)
	at org.springframework.beans.factory.support.ConstructorResolver.createArgumentArray(ConstructorResolver.java:791)
	... 103 common frames omitted
Caused by: org.springframework.jdbc.datasource.init.ScriptStatementFailedException: Failed to execute SQL script statement #3 of class path resource [data.sql]: INSERT INTO users(first_name, last_name, email, password, id_status, create_date, update_date) VALUES ('Carey', 'Mahoney', 'carey_mahoney@gmail.com', '123', 1, '2022-05-10 12:33:33', '2022-05-10 12:33:33'), ('Eric', 'Lassard', 'eric_lassard@gmail.com', '123', 1, '2022-05-10 12:33:33', '2022-05-10 12:33:33'), ('Eugene', 'Tackleberry', 'eugene_tackleberry@gmail.com', '123', 1, '2022-05-10 12:33:33', '2022-05-10 12:33:33'), ('Moses', 'Hightower', 'moses_hightower@gmail.com', '123', 1, '2022-05-10 12:33:33', '2022-05-10 12:33:33'); nested exception is org.h2.jdbc.JdbcSQLSyntaxErrorException: Столбец "ID_STATUS" не найден
Column "ID_STATUS" not found; SQL statement:
INSERT INTO users(first_name, last_name, email, password, id_status, create_date, update_date) VALUES ('Carey', 'Mahoney', 'carey_mahoney@gmail.com', '123', 1, '2022-05-10 12:33:33', '2022-05-10 12:33:33'), ('Eric', 'Lassard', 'eric_lassard@gmail.com', '123', 1, '2022-05-10 12:33:33', '2022-05-10 12:33:33'), ('Eugene', 'Tackleberry', 'eugene_tackleberry@gmail.com', '123', 1, '2022-05-10 12:33:33', '2022-05-10 12:33:33'), ('Moses', 'Hightower', 'moses_hightower@gmail.com', '123', 1, '2022-05-10 12:33:33', '2022-05-10 12:33:33') [42122-210]
	at org.springframework.jdbc.datasource.init.ScriptUtils.executeSqlScript(ScriptUtils.java:282)
	at org.springframework.jdbc.datasource.init.ResourceDatabasePopulator.populate(ResourceDatabasePopulator.java:254)
	at org.springframework.jdbc.datasource.init.DatabasePopulatorUtils.execute(DatabasePopulatorUtils.java:54)
	at org.springframework.boot.jdbc.init.DataSourceScriptDatabaseInitializer.runScripts(DataSourceScriptDatabaseInitializer.java:90)
	at org.springframework.boot.sql.init.AbstractScriptDatabaseInitializer.runScripts(AbstractScriptDatabaseInitializer.java:145)
	at org.springframework.boot.sql.init.AbstractScriptDatabaseInitializer.applyScripts(AbstractScriptDatabaseInitializer.java:107)
	at org.springframework.boot.sql.init.AbstractScriptDatabaseInitializer.applyDataScripts(AbstractScriptDatabaseInitializer.java:101)
	at org.springframework.boot.sql.init.AbstractScriptDatabaseInitializer.initializeDatabase(AbstractScriptDatabaseInitializer.java:76)
	at org.springframework.boot.sql.init.AbstractScriptDatabaseInitializer.afterPropertiesSet(AbstractScriptDatabaseInitializer.java:65)
	at org.springframework.beans.factory.support.AbstractAutowireCapableBeanFactory.invokeInitMethods(AbstractAutowireCapableBeanFactory.java:1863)
	at org.springframework.beans.factory.support.AbstractAutowireCapableBeanFactory.initializeBean(AbstractAutowireCapableBeanFactory.java:1800)
	... 116 common frames omitted
Caused by: org.h2.jdbc.JdbcSQLSyntaxErrorException: Столбец "ID_STATUS" не найден
Column "ID_STATUS" not found; SQL statement:
INSERT INTO users(first_name, last_name, email, password, id_status, create_date, update_date) VALUES ('Carey', 'Mahoney', 'carey_mahoney@gmail.com', '123', 1, '2022-05-10 12:33:33', '2022-05-10 12:33:33'), ('Eric', 'Lassard', 'eric_lassard@gmail.com', '123', 1, '2022-05-10 12:33:33', '2022-05-10 12:33:33'), ('Eugene', 'Tackleberry', 'eugene_tackleberry@gmail.com', '123', 1, '2022-05-10 12:33:33', '2022-05-10 12:33:33'), ('Moses', 'Hightower', 'moses_hightower@gmail.com', '123', 1, '2022-05-10 12:33:33', '2022-05-10 12:33:33') [42122-210]
	at org.h2.message.DbException.getJdbcSQLException(DbException.java:521)
	at org.h2.message.DbException.getJdbcSQLException(DbException.java:496)
	at org.h2.message.DbException.get(DbException.java:227)
	at org.h2.message.DbException.get(DbException.java:203)
	at org.h2.table.Table.getColumn(Table.java:754)
	at org.h2.command.Parser.parseColumn(Parser.java:1247)
	at org.h2.command.Parser.parseColumnList(Parser.java:1232)
	at org.h2.command.Parser.parseInsert(Parser.java:1633)
	at org.h2.command.Parser.parsePrepared(Parser.java:797)
	at org.h2.command.Parser.parse(Parser.java:674)
	at org.h2.command.Parser.parse(Parser.java:644)
	at org.h2.command.Parser.prepareCommand(Parser.java:551)
	at org.h2.engine.SessionLocal.prepareLocal(SessionLocal.java:615)
	at org.h2.engine.SessionLocal.prepareCommand(SessionLocal.java:553)
	at org.h2.jdbc.JdbcConnection.prepareCommand(JdbcConnection.java:1116)
	at org.h2.jdbc.JdbcStatement.executeInternal(JdbcStatement.java:237)
	at org.h2.jdbc.JdbcStatement.execute(JdbcStatement.java:223)
	at com.zaxxer.hikari.pool.ProxyStatement.execute(ProxyStatement.java:94)
	at com.zaxxer.hikari.pool.HikariProxyStatement.execute(HikariProxyStatement.java)
	at org.springframework.jdbc.datasource.init.ScriptUtils.executeSqlScript(ScriptUtils.java:261)
	... 126 common frames omitted
2022-12-06 21:00:02,270 INFO com.epam.esm.dao.impl.UserDaoImplTest [Test worker] Starting UserDaoImplTest using Java 11 on G1 with PID 8460 (started by Александр in C:\Users\Александр\IdeaProjects\OnlineStore\Core)
2022-12-06 21:00:02,284 DEBUG com.epam.esm.dao.impl.UserDaoImplTest [Test worker] Running with Spring Boot v2.6.7, Spring v5.3.19
2022-12-06 21:00:02,287 INFO com.epam.esm.dao.impl.UserDaoImplTest [Test worker] The following 1 profile is active: "development"
2022-12-06 21:00:18,699 INFO com.epam.esm.dao.impl.UserDaoImplTest [Test worker] Started UserDaoImplTest in 17.777 seconds (JVM running for 23.996)
